<?xml version="1.0" encoding="UTF-8"?>
<testsuite xmlns:xsi="http://www.w3.org/2001/XMLSchema-instance" xsi:noNamespaceSchemaLocation="https://maven.apache.org/surefire/maven-surefire-plugin/xsd/surefire-test-report-3.0.xsd" version="3.0" name="LexicalAnalysis.LexerTest" time="0.032" tests="25" errors="0" skipped="0" failures="0">
  <properties>
[...]
</properties>
  <testcase name="unterminatedStringThrows" classname="LexicalAnalysis.LexerTest" time="0.009"/>
  <testcase name="unterminatedCharThrows" classname="LexicalAnalysis.LexerTest" time="0.001"/>
  <testcase name="doubleWithZeroDecimal" classname="LexicalAnalysis.LexerTest" time="0.001"/>
  <testcase name="ifIsKeyword" classname="LexicalAnalysis.LexerTest" time="0.0"/>
  <testcase name="doubleCharOperator" classname="LexicalAnalysis.LexerTest" time="0.001"/>
  <testcase name="lessThanOrEqual" classname="LexicalAnalysis.LexerTest" time="0.0"/>
  <testcase name="identifierWithDigits" classname="LexicalAnalysis.LexerTest" time="0.001"/>
  <testcase name="ifCondition" classname="LexicalAnalysis.LexerTest" time="0.0"/>
  <testcase name="simpleString" classname="LexicalAnalysis.LexerTest" time="0.0"/>
  <testcase name="whitespaceIsSkipped" classname="LexicalAnalysis.LexerTest" time="0.0"/>
  <testcase name="simpleIdentifier" classname="LexicalAnalysis.LexerTest" time="0.0"/>
  <testcase name="singleCharOperator" classname="LexicalAnalysis.LexerTest" time="0.001"/>
  <testcase name="keywordPrefixIsNotKeyword" classname="LexicalAnalysis.LexerTest" time="0.0"/>
  <testcase name="emptyInputReturnsEof" classname="LexicalAnalysis.LexerTest" time="0.001"/>
  <testcase name="unknownCharacterThrows" classname="LexicalAnalysis.LexerTest" time="0.001"/>
  <testcase name="singleDigitInt" classname="LexicalAnalysis.LexerTest" time="0.0"/>
  <testcase name="semicolonReturnsEos" classname="LexicalAnalysis.LexerTest" time="0.001"/>
  <testcase name="singleChar" classname="LexicalAnalysis.LexerTest" time="0.0"/>
  <testcase name="falseIsLitBool" classname="LexicalAnalysis.LexerTest" time="0.0"/>
  <testcase name="emptyString" classname="LexicalAnalysis.LexerTest" time="0.0"/>
  <testcase name="trueIsLitBool" classname="LexicalAnalysis.LexerTest" time="0.0"/>
  <testcase name="whileIsKeyword" classname="LexicalAnalysis.LexerTest" time="0.0"/>
  <testcase name="multiDigitInt" classname="LexicalAnalysis.LexerTest" time="0.001"/>
  <testcase name="simpleAssignment" classname="LexicalAnalysis.LexerTest" time="0.0"/>
  <testcase name="doubleWithDecimal" classname="LexicalAnalysis.LexerTest" time="0.0"/>
</testsuite>