<?xml version="1.0" encoding="UTF-8"?>
<testsuite xmlns:xsi="http://www.w3.org/2001/XMLSchema-instance" xsi:noNamespaceSchemaLocation="https://maven.apache.org/surefire/maven-surefire-plugin/xsd/surefire-test-report-3.0.xsd" version="3.0" name="LexicalAnalysis.LexerTest" time="0.037" tests="25" errors="5" skipped="0" failures="1">
  <properties>
[...]
</properties>
  <testcase name="unterminatedStringThrows" classname="LexicalAnalysis.LexerTest" time="0.011">
    <failure message="Unexpected exception type thrown, expected: &lt;Exceptions.TokenGenerationException&gt; but was: &lt;java.lang.StringIndexOutOfBoundsException&gt;" type="org.opentest4j.AssertionFailedError"><![CDATA[org.opentest4j.AssertionFailedError: Unexpected exception type thrown, expected: <Exceptions.TokenGenerationException> but was: <java.lang.StringIndexOutOfBoundsException>
	at org.junit.jupiter.api.AssertionFailureBuilder.build(AssertionFailureBuilder.java:151)
	at org.junit.jupiter.api.AssertThrows.assertThrows(AssertThrows.java:67)
	at org.junit.jupiter.api.AssertThrows.assertThrows(AssertThrows.java:35)
	at org.junit.jupiter.api.Assertions.assertThrows(Assertions.java:3128)
	at LexicalAnalysis.LexerTest.unterminatedStringThrows(LexerTest.java:103)
	at java.base/java.lang.reflect.Method.invoke(Method.java:580)
	at java.base/java.util.ArrayList.forEach(ArrayList.java:1596)
	at java.base/java.util.ArrayList.forEach(ArrayList.java:1596)
Caused by: java.lang.StringIndexOutOfBoundsException: Index 6 out of bounds for length 6
	at java.base/jdk.internal.util.Preconditions$1.apply(Preconditions.java:55)
	at java.base/jdk.internal.util.Preconditions$1.apply(Preconditions.java:52)
	at java.base/jdk.internal.util.Preconditions$4.apply(Preconditions.java:213)
	at java.base/jdk.internal.util.Preconditions$4.apply(Preconditions.java:210)
	at java.base/jdk.internal.util.Preconditions.outOfBounds(Preconditions.java:98)
	at java.base/jdk.internal.util.Preconditions.outOfBoundsCheckIndex(Preconditions.java:106)
	at java.base/jdk.internal.util.Preconditions.checkIndex(Preconditions.java:302)
	at java.base/java.lang.String.checkIndex(String.java:4822)
	at java.base/java.lang.StringLatin1.charAt(StringLatin1.java:46)
	at java.base/java.lang.String.charAt(String.java:1544)
	at LexicalAnalysis.Lexer.getStringToken(Lexer.java:107)
	at java.base/java.util.Optional.or(Optional.java:313)
	at LexicalAnalysis.Lexer.getNextToken(Lexer.java:31)
	at LexicalAnalysis.LexerTest.lex(LexerTest.java:16)
	at LexicalAnalysis.LexerTest.lambda$1(LexerTest.java:103)
	at org.junit.jupiter.api.AssertThrows.assertThrows(AssertThrows.java:53)
	... 6 more
]]></failure>
  </testcase>
  <testcase name="unterminatedCharThrows" classname="LexicalAnalysis.LexerTest" time="0.0"/>
  <testcase name="doubleWithZeroDecimal" classname="LexicalAnalysis.LexerTest" time="0.001"/>
  <testcase name="ifIsKeyword" classname="LexicalAnalysis.LexerTest" time="0.0"/>
  <testcase name="doubleCharOperator" classname="LexicalAnalysis.LexerTest" time="0.0"/>
  <testcase name="lessThanOrEqual" classname="LexicalAnalysis.LexerTest" time="0.0"/>
  <testcase name="identifierWithDigits" classname="LexicalAnalysis.LexerTest" time="0.0"/>
  <testcase name="ifCondition" classname="LexicalAnalysis.LexerTest" time="0.001">
    <error message="Index 10 out of bounds for length 10" type="java.lang.StringIndexOutOfBoundsException"><![CDATA[java.lang.StringIndexOutOfBoundsException: Index 10 out of bounds for length 10
	at java.base/jdk.internal.util.Preconditions$1.apply(Preconditions.java:55)
	at java.base/jdk.internal.util.Preconditions$1.apply(Preconditions.java:52)
	at java.base/jdk.internal.util.Preconditions$4.apply(Preconditions.java:213)
	at java.base/jdk.internal.util.Preconditions$4.apply(Preconditions.java:210)
	at java.base/jdk.internal.util.Preconditions.outOfBounds(Preconditions.java:98)
	at java.base/jdk.internal.util.Preconditions.outOfBoundsCheckIndex(Preconditions.java:106)
	at java.base/jdk.internal.util.Preconditions.checkIndex(Preconditions.java:302)
	at java.base/java.lang.String.checkIndex(String.java:4822)
	at java.base/java.lang.StringLatin1.charAt(StringLatin1.java:46)
	at java.base/java.lang.String.charAt(String.java:1544)
	at LexicalAnalysis.Lexer.getIntOrDoubleToken(Lexer.java:67)
	at java.base/java.util.Optional.or(Optional.java:313)
	at LexicalAnalysis.Lexer.getNextToken(Lexer.java:29)
	at LexicalAnalysis.Lexer.getWhitespaceToken(Lexer.java:47)
	at java.base/java.util.Optional.or(Optional.java:313)
	at LexicalAnalysis.Lexer.getNextToken(Lexer.java:27)
	at LexicalAnalysis.LexerTest.lex(LexerTest.java:16)
	at LexicalAnalysis.LexerTest.ifCondition(LexerTest.java:205)
	at java.base/java.lang.reflect.Method.invoke(Method.java:580)
	at java.base/java.util.ArrayList.forEach(ArrayList.java:1596)
	at java.base/java.util.ArrayList.forEach(ArrayList.java:1596)
]]></error>
  </testcase>
  <testcase name="simpleString" classname="LexicalAnalysis.LexerTest" time="0.0"/>
  <testcase name="whitespaceIsSkipped" classname="LexicalAnalysis.LexerTest" time="0.001">
    <error message="Index 5 out of bounds for length 5" type="java.lang.StringIndexOutOfBoundsException"><![CDATA[java.lang.StringIndexOutOfBoundsException: Index 5 out of bounds for length 5
	at java.base/jdk.internal.util.Preconditions$1.apply(Preconditions.java:55)
	at java.base/jdk.internal.util.Preconditions$1.apply(Preconditions.java:52)
	at java.base/jdk.internal.util.Preconditions$4.apply(Preconditions.java:213)
	at java.base/jdk.internal.util.Preconditions$4.apply(Preconditions.java:210)
	at java.base/jdk.internal.util.Preconditions.outOfBounds(Preconditions.java:98)
	at java.base/jdk.internal.util.Preconditions.outOfBoundsCheckIndex(Preconditions.java:106)
	at java.base/jdk.internal.util.Preconditions.checkIndex(Preconditions.java:302)
	at java.base/java.lang.String.checkIndex(String.java:4822)
	at java.base/java.lang.StringLatin1.charAt(StringLatin1.java:46)
	at java.base/java.lang.String.charAt(String.java:1544)
	at LexicalAnalysis.Lexer.getIntOrDoubleToken(Lexer.java:67)
	at java.base/java.util.Optional.or(Optional.java:313)
	at LexicalAnalysis.Lexer.getNextToken(Lexer.java:29)
	at LexicalAnalysis.Lexer.getWhitespaceToken(Lexer.java:47)
	at java.base/java.util.Optional.or(Optional.java:313)
	at LexicalAnalysis.Lexer.getNextToken(Lexer.java:27)
	at LexicalAnalysis.Lexer.getWhitespaceToken(Lexer.java:47)
	at java.base/java.util.Optional.or(Optional.java:313)
	at LexicalAnalysis.Lexer.getNextToken(Lexer.java:27)
	at LexicalAnalysis.Lexer.getWhitespaceToken(Lexer.java:47)
	at java.base/java.util.Optional.or(Optional.java:313)
	at LexicalAnalysis.Lexer.getNextToken(Lexer.java:27)
	at LexicalAnalysis.LexerTest.lex(LexerTest.java:16)
	at LexicalAnalysis.LexerTest.whitespaceIsSkipped(LexerTest.java:186)
	at java.base/java.lang.reflect.Method.invoke(Method.java:580)
	at java.base/java.util.ArrayList.forEach(ArrayList.java:1596)
	at java.base/java.util.ArrayList.forEach(ArrayList.java:1596)
]]></error>
  </testcase>
  <testcase name="simpleIdentifier" classname="LexicalAnalysis.LexerTest" time="0.001"/>
  <testcase name="singleCharOperator" classname="LexicalAnalysis.LexerTest" time="0.0"/>
  <testcase name="keywordPrefixIsNotKeyword" classname="LexicalAnalysis.LexerTest" time="0.0"/>
  <testcase name="emptyInputReturnsEof" classname="LexicalAnalysis.LexerTest" time="0.0"/>
  <testcase name="unknownCharacterThrows" classname="LexicalAnalysis.LexerTest" time="0.001"/>
  <testcase name="singleDigitInt" classname="LexicalAnalysis.LexerTest" time="0.0">
    <error message="Index 1 out of bounds for length 1" type="java.lang.StringIndexOutOfBoundsException"><![CDATA[java.lang.StringIndexOutOfBoundsException: Index 1 out of bounds for length 1
	at java.base/jdk.internal.util.Preconditions$1.apply(Preconditions.java:55)
	at java.base/jdk.internal.util.Preconditions$1.apply(Preconditions.java:52)
	at java.base/jdk.internal.util.Preconditions$4.apply(Preconditions.java:213)
	at java.base/jdk.internal.util.Preconditions$4.apply(Preconditions.java:210)
	at java.base/jdk.internal.util.Preconditions.outOfBounds(Preconditions.java:98)
	at java.base/jdk.internal.util.Preconditions.outOfBoundsCheckIndex(Preconditions.java:106)
	at java.base/jdk.internal.util.Preconditions.checkIndex(Preconditions.java:302)
	at java.base/java.lang.String.checkIndex(String.java:4822)
	at java.base/java.lang.StringLatin1.charAt(StringLatin1.java:46)
	at java.base/java.lang.String.charAt(String.java:1544)
	at LexicalAnalysis.Lexer.getIntOrDoubleToken(Lexer.java:67)
	at java.base/java.util.Optional.or(Optional.java:313)
	at LexicalAnalysis.Lexer.getNextToken(Lexer.java:29)
	at LexicalAnalysis.LexerTest.lex(LexerTest.java:16)
	at LexicalAnalysis.LexerTest.singleDigitInt(LexerTest.java:43)
	at java.base/java.lang.reflect.Method.invoke(Method.java:580)
	at java.base/java.util.ArrayList.forEach(ArrayList.java:1596)
	at java.base/java.util.ArrayList.forEach(ArrayList.java:1596)
]]></error>
  </testcase>
  <testcase name="semicolonReturnsEos" classname="LexicalAnalysis.LexerTest" time="0.0"/>
  <testcase name="singleChar" classname="LexicalAnalysis.LexerTest" time="0.001">
    <error message="Error while generating token for :&apos;" type="Exceptions.TokenGenerationException"><![CDATA[Exceptions.TokenGenerationException: Error while generating token for :'
	at LexicalAnalysis.Lexer.getCharToken(Lexer.java:95)
	at java.base/java.util.Optional.or(Optional.java:313)
	at LexicalAnalysis.Lexer.getNextToken(Lexer.java:30)
	at LexicalAnalysis.LexerTest.lex(LexerTest.java:16)
	at LexicalAnalysis.LexerTest.singleChar(LexerTest.java:75)
	at java.base/java.lang.reflect.Method.invoke(Method.java:580)
	at java.base/java.util.ArrayList.forEach(ArrayList.java:1596)
	at java.base/java.util.ArrayList.forEach(ArrayList.java:1596)
]]></error>
  </testcase>
  <testcase name="falseIsLitBool" classname="LexicalAnalysis.LexerTest" time="0.0"/>
  <testcase name="emptyString" classname="LexicalAnalysis.LexerTest" time="0.0"/>
  <testcase name="trueIsLitBool" classname="LexicalAnalysis.LexerTest" time="0.001"/>
  <testcase name="whileIsKeyword" classname="LexicalAnalysis.LexerTest" time="0.0"/>
  <testcase name="multiDigitInt" classname="LexicalAnalysis.LexerTest" time="0.001">
    <error message="Index 4 out of bounds for length 4" type="java.lang.StringIndexOutOfBoundsException"><![CDATA[java.lang.StringIndexOutOfBoundsException: Index 4 out of bounds for length 4
	at java.base/jdk.internal.util.Preconditions$1.apply(Preconditions.java:55)
	at java.base/jdk.internal.util.Preconditions$1.apply(Preconditions.java:52)
	at java.base/jdk.internal.util.Preconditions$4.apply(Preconditions.java:213)
	at java.base/jdk.internal.util.Preconditions$4.apply(Preconditions.java:210)
	at java.base/jdk.internal.util.Preconditions.outOfBounds(Preconditions.java:98)
	at java.base/jdk.internal.util.Preconditions.outOfBoundsCheckIndex(Preconditions.java:106)
	at java.base/jdk.internal.util.Preconditions.checkIndex(Preconditions.java:302)
	at java.base/java.lang.String.checkIndex(String.java:4822)
	at java.base/java.lang.StringLatin1.charAt(StringLatin1.java:46)
	at java.base/java.lang.String.charAt(String.java:1544)
	at LexicalAnalysis.Lexer.getIntOrDoubleToken(Lexer.java:67)
	at java.base/java.util.Optional.or(Optional.java:313)
	at LexicalAnalysis.Lexer.getNextToken(Lexer.java:29)
	at LexicalAnalysis.LexerTest.lex(LexerTest.java:16)
	at LexicalAnalysis.LexerTest.multiDigitInt(LexerTest.java:50)
	at java.base/java.lang.reflect.Method.invoke(Method.java:580)
	at java.base/java.util.ArrayList.forEach(ArrayList.java:1596)
	at java.base/java.util.ArrayList.forEach(ArrayList.java:1596)
]]></error>
  </testcase>
  <testcase name="simpleAssignment" classname="LexicalAnalysis.LexerTest" time="0.0"/>
  <testcase name="doubleWithDecimal" classname="LexicalAnalysis.LexerTest" time="0.0"/>
</testsuite>